<?xml version="1.0" encoding="UTF-8"?>
<!-- Generated by org.testng.reporters.JUnitXMLReporter -->
<testsuite ignored="0" hostname="WKWZTUPS8QyX67O" failures="0" tests="17" name="smoke" time="84.639" errors="0" timestamp="2022-11-24T09:00:45 IST">
  <testcase classname="test.AssertionDemo" name="login" time="0.005"/>
  <testcase classname="test.AssertionDemo" name="creat" time="0.001"/>
  <testcase classname="test.MyFirstSeleniumScript" name="t1" time="4.194"/>
  <testcase classname="test.OrangeHRM" name="orangehrm" time="22.958"/>
  <testcase classname="test.HandleMultipleWindow" name="t7" time="5.756"/>
  <testcase classname="test.MyFirstTestNGTest" name="createAccount" time="0.0"/>
  <testcase classname="test.MyFirstTestNGTest" name="deleteAccount" time="0.0"/>
  <testcase classname="test.MyFirstTestNGTest" name="logOutFromApplication" time="0.0"/>
  <testcase classname="test.MyFirstTestNGTest" name="login" time="0.0"/>
  <testcase classname="test.ReadingExcel" name="testData" time="1.213"/>
  <testcase classname="test.LoginTest" name="noCredentials" time="0.085"/>
  <testcase classname="test.LoginTest" name="onlyPassword" time="0.164"/>
  <testcase classname="test.LoginTest" name="onlyUsername" time="0.151"/>
  <testcase classname="test.LoginTest" name="validCredentials" time="2.718"/>
  <testcase classname="test.Task2" name="t4" time="8.691"/>
  <testcase classname="test.Task1" name="t3" time="6.696"/>
  <testcase classname="test.AlertDemo" name="seleniumpractice" time="14.695"/>
</testsuite> <!-- smoke -->
