<?xml version="1.0" encoding="UTF-8"?>
<testng-results ignored="0" total="17" passed="17" failed="0" skipped="0">
  <reporter-output>
  </reporter-output>
  <suite started-at="2022-11-24T09:05:09 IST" name="Suite" finished-at="2022-11-24T09:06:33 IST" duration-ms="84198">
    <groups>
    </groups>
    <test started-at="2022-11-24T09:05:09 IST" name="smoke" finished-at="2022-11-24T09:06:33 IST" duration-ms="84198">
      <class name="test.MyFirstTestNGTest">
        <test-method signature="createAccount()[pri:0, instance:test.MyFirstTestNGTest@4d0f2471]" started-at="2022-11-24T09:05:41 IST" name="createAccount" finished-at="2022-11-24T09:05:41 IST" duration-ms="0" status="PASS">
          <reporter-output>
          </reporter-output>
        </test-method> <!-- createAccount -->
        <test-method signature="deleteAccount()[pri:0, instance:test.MyFirstTestNGTest@4d0f2471]" started-at="2022-11-24T09:05:41 IST" name="deleteAccount" finished-at="2022-11-24T09:05:41 IST" duration-ms="0" status="PASS">
          <reporter-output>
          </reporter-output>
        </test-method> <!-- deleteAccount -->
        <test-method signature="login()[pri:0, instance:test.MyFirstTestNGTest@4d0f2471]" started-at="2022-11-24T09:05:41 IST" name="login" finished-at="2022-11-24T09:05:41 IST" duration-ms="1" status="PASS">
          <reporter-output>
          </reporter-output>
        </test-method> <!-- login -->
        <test-method signature="logOutFromApplication()[pri:0, instance:test.MyFirstTestNGTest@4d0f2471]" started-at="2022-11-24T09:05:41 IST" name="logOutFromApplication" finished-at="2022-11-24T09:05:41 IST" duration-ms="0" status="PASS">
          <reporter-output>
          </reporter-output>
        </test-method> <!-- logOutFromApplication -->
      </class> <!-- test.MyFirstTestNGTest -->
      <class name="test.AlertDemo">
        <test-method signature="seleniumpractice()[pri:0, instance:test.AlertDemo@bae7dc0]" started-at="2022-11-24T09:06:17 IST" name="seleniumpractice" finished-at="2022-11-24T09:06:33 IST" duration-ms="15503" status="PASS">
          <reporter-output>
          </reporter-output>
        </test-method> <!-- seleniumpractice -->
      </class> <!-- test.AlertDemo -->
      <class name="test.MyFirstSeleniumScript">
        <test-method signature="t1()[pri:0, instance:test.MyFirstSeleniumScript@383bfa16]" started-at="2022-11-24T09:05:09 IST" name="t1" finished-at="2022-11-24T09:05:13 IST" duration-ms="4328" status="PASS">
          <reporter-output>
          </reporter-output>
        </test-method> <!-- t1 -->
      </class> <!-- test.MyFirstSeleniumScript -->
      <class name="test.AssertionDemo">
        <test-method signature="login()[pri:0, instance:test.AssertionDemo@4a7f959b]" started-at="2022-11-24T09:05:09 IST" name="login" finished-at="2022-11-24T09:05:09 IST" duration-ms="16" status="PASS">
          <reporter-output>
          </reporter-output>
        </test-method> <!-- login -->
        <test-method signature="creat()[pri:0, instance:test.AssertionDemo@4a7f959b]" started-at="2022-11-24T09:05:09 IST" name="creat" finished-at="2022-11-24T09:05:09 IST" depends-on-methods="test.AssertionDemo.login" duration-ms="0" status="PASS">
          <reporter-output>
          </reporter-output>
        </test-method> <!-- creat -->
      </class> <!-- test.AssertionDemo -->
      <class name="test.ReadingExcel">
        <test-method signature="testData()[pri:0, instance:test.ReadingExcel@7133da86]" started-at="2022-11-24T09:05:41 IST" name="testData" finished-at="2022-11-24T09:05:42 IST" duration-ms="1172" status="PASS">
          <reporter-output>
          </reporter-output>
        </test-method> <!-- testData -->
      </class> <!-- test.ReadingExcel -->
      <class name="test.LoginTest">
        <test-method is-config="true" signature="setup()[pri:0, instance:test.LoginTest@28f2a10f]" started-at="2022-11-24T09:05:42 IST" name="setup" finished-at="2022-11-24T09:05:46 IST" duration-ms="3922" status="PASS">
          <reporter-output>
          </reporter-output>
        </test-method> <!-- setup -->
        <test-method signature="noCredentials()[pri:0, instance:test.LoginTest@28f2a10f]" started-at="2022-11-24T09:05:46 IST" name="noCredentials" finished-at="2022-11-24T09:05:46 IST" duration-ms="94" status="PASS">
          <reporter-output>
          </reporter-output>
        </test-method> <!-- noCredentials -->
        <test-method is-config="true" signature="tearup()[pri:0, instance:test.LoginTest@28f2a10f]" started-at="2022-11-24T09:05:46 IST" name="tearup" finished-at="2022-11-24T09:05:46 IST" duration-ms="182" status="PASS">
          <reporter-output>
          </reporter-output>
        </test-method> <!-- tearup -->
        <test-method is-config="true" signature="setup()[pri:0, instance:test.LoginTest@28f2a10f]" started-at="2022-11-24T09:05:46 IST" name="setup" finished-at="2022-11-24T09:05:51 IST" duration-ms="4254" status="PASS">
          <reporter-output>
          </reporter-output>
        </test-method> <!-- setup -->
        <test-method signature="onlyPassword()[pri:0, instance:test.LoginTest@28f2a10f]" started-at="2022-11-24T09:05:51 IST" name="onlyPassword" finished-at="2022-11-24T09:05:51 IST" duration-ms="162" status="PASS">
          <reporter-output>
          </reporter-output>
        </test-method> <!-- onlyPassword -->
        <test-method is-config="true" signature="tearup()[pri:0, instance:test.LoginTest@28f2a10f]" started-at="2022-11-24T09:05:51 IST" name="tearup" finished-at="2022-11-24T09:05:51 IST" duration-ms="182" status="PASS">
          <reporter-output>
          </reporter-output>
        </test-method> <!-- tearup -->
        <test-method is-config="true" signature="setup()[pri:0, instance:test.LoginTest@28f2a10f]" started-at="2022-11-24T09:05:51 IST" name="setup" finished-at="2022-11-24T09:05:55 IST" duration-ms="3915" status="PASS">
          <reporter-output>
          </reporter-output>
        </test-method> <!-- setup -->
        <test-method signature="onlyUsername()[pri:0, instance:test.LoginTest@28f2a10f]" started-at="2022-11-24T09:05:55 IST" name="onlyUsername" finished-at="2022-11-24T09:05:55 IST" duration-ms="148" status="PASS">
          <reporter-output>
          </reporter-output>
        </test-method> <!-- onlyUsername -->
        <test-method is-config="true" signature="tearup()[pri:0, instance:test.LoginTest@28f2a10f]" started-at="2022-11-24T09:05:55 IST" name="tearup" finished-at="2022-11-24T09:05:55 IST" duration-ms="201" status="PASS">
          <reporter-output>
          </reporter-output>
        </test-method> <!-- tearup -->
        <test-method is-config="true" signature="setup()[pri:0, instance:test.LoginTest@28f2a10f]" started-at="2022-11-24T09:05:55 IST" name="setup" finished-at="2022-11-24T09:05:59 IST" duration-ms="3968" status="PASS">
          <reporter-output>
          </reporter-output>
        </test-method> <!-- setup -->
        <test-method signature="validCredentials()[pri:0, instance:test.LoginTest@28f2a10f]" started-at="2022-11-24T09:05:59 IST" name="validCredentials" finished-at="2022-11-24T09:06:02 IST" duration-ms="2751" status="PASS">
          <reporter-output>
          </reporter-output>
        </test-method> <!-- validCredentials -->
        <test-method is-config="true" signature="tearup()[pri:0, instance:test.LoginTest@28f2a10f]" started-at="2022-11-24T09:06:02 IST" name="tearup" finished-at="2022-11-24T09:06:02 IST" duration-ms="240" status="PASS">
          <reporter-output>
          </reporter-output>
        </test-method> <!-- tearup -->
      </class> <!-- test.LoginTest -->
      <class name="test.HandleMultipleWindow">
        <test-method signature="t7()[pri:0, instance:test.HandleMultipleWindow@53fdffa1]" started-at="2022-11-24T09:05:36 IST" name="t7" finished-at="2022-11-24T09:05:41 IST" duration-ms="5290" status="PASS">
          <reporter-output>
          </reporter-output>
        </test-method> <!-- t7 -->
      </class> <!-- test.HandleMultipleWindow -->
      <class name="test.OrangeHRM">
        <test-method signature="orangehrm()[pri:0, instance:test.OrangeHRM@4d465b11]" started-at="2022-11-24T09:05:13 IST" name="orangehrm" finished-at="2022-11-24T09:05:36 IST" duration-ms="22831" status="PASS">
          <reporter-output>
          </reporter-output>
        </test-method> <!-- orangehrm -->
      </class> <!-- test.OrangeHRM -->
      <class name="test.Task2">
        <test-method signature="t4()[pri:0, instance:test.Task2@6fd83fc1]" started-at="2022-11-24T09:06:02 IST" name="t4" finished-at="2022-11-24T09:06:10 IST" duration-ms="8128" status="PASS">
          <reporter-output>
          </reporter-output>
        </test-method> <!-- t4 -->
      </class> <!-- test.Task2 -->
      <class name="test.Task1">
        <test-method signature="t3()[pri:0, instance:test.Task1@4f2b503c]" started-at="2022-11-24T09:06:10 IST" name="t3" finished-at="2022-11-24T09:06:17 IST" duration-ms="6888" status="PASS">
          <reporter-output>
          </reporter-output>
        </test-method> <!-- t3 -->
      </class> <!-- test.Task1 -->
    </test> <!-- smoke -->
  </suite> <!-- Suite -->
</testng-results>
