<?xml version="1.0" encoding="UTF-8"?>
<testsuite xmlns:xsi="http://www.w3.org/2001/XMLSchema-instance" xsi:noNamespaceSchemaLocation="https://maven.apache.org/surefire/maven-surefire-plugin/xsd/surefire-test-report-3.0.xsd" version="3.0" name="TestSuite" time="84.968" tests="17" errors="0" skipped="0" failures="0">
  <properties>
[...]
</properties>
  <testcase name="login" classname="test.AssertionDemo" time="0.016">
    <system-out><![CDATA[login done
]]></system-out>
  </testcase>
  <testcase name="creat" classname="test.AssertionDemo" time="0">
    <system-out><![CDATA[Account created
]]></system-out>
  </testcase>
  <testcase name="t1" classname="test.MyFirstSeleniumScript" time="4.328">
    <system-out><![CDATA[Title is Google
URL is https://www.google.com/?gws_rd=ssl
]]></system-out>
    <system-err><![CDATA[SLF4J: Failed to load class "org.slf4j.impl.StaticLoggerBinder".
SLF4J: Defaulting to no-operation (NOP) logger implementation
SLF4J: See http://www.slf4j.org/codes.html#StaticLoggerBinder for further details.
Starting ChromeDriver 107.0.5304.62 (1eec40d3a5764881c92085aaee66d25075c159aa-refs/branch-heads/5304@{#942}) on port 17565
Only local connections are allowed.
Please see https://chromedriver.chromium.org/security-considerations for suggestions on keeping ChromeDriver safe.
ChromeDriver was started successfully.
]]></system-err>
  </testcase>
  <testcase name="orangehrm" classname="test.OrangeHRM" time="22.831">
    <system-err><![CDATA[Starting ChromeDriver 107.0.5304.62 (1eec40d3a5764881c92085aaee66d25075c159aa-refs/branch-heads/5304@{#942}) on port 13415
Only local connections are allowed.
Please see https://chromedriver.chromium.org/security-considerations for suggestions on keeping ChromeDriver safe.
ChromeDriver was started successfully.
]]></system-err>
  </testcase>
  <testcase name="t7" classname="test.HandleMultipleWindow" time="5.29">
    <system-out><![CDATA[parent window handle is CDwindow-41EAEC866C23E46CD455F57DC3E08E62
Total Set values [CDwindow-41EAEC866C23E46CD455F57DC3E08E62, CDwindow-B89F746D6AA67F38B31DF7FEF0A846F0]
Total count is 2
New title is OrangeHRM - World's Most Popular Opensource HRIS | Secaucus NJ | Facebook
]]></system-out>
    <system-err><![CDATA[Starting ChromeDriver 107.0.5304.62 (1eec40d3a5764881c92085aaee66d25075c159aa-refs/branch-heads/5304@{#942}) on port 41717
Only local connections are allowed.
Please see https://chromedriver.chromium.org/security-considerations for suggestions on keeping ChromeDriver safe.
ChromeDriver was started successfully.
]]></system-err>
  </testcase>
  <testcase name="createAccount" classname="test.MyFirstTestNGTest" time="0.002">
    <system-out><![CDATA[account created
]]></system-out>
  </testcase>
  <testcase name="deleteAccount" classname="test.MyFirstTestNGTest" time="0.004">
    <system-out><![CDATA[account delete
]]></system-out>
  </testcase>
  <testcase name="logOutFromApplication" classname="test.MyFirstTestNGTest" time="0.002">
    <system-out><![CDATA[logout done
]]></system-out>
  </testcase>
  <testcase name="login" classname="test.MyFirstTestNGTest" time="0.002">
    <system-out><![CDATA[login done
]]></system-out>
  </testcase>
  <testcase name="testData" classname="test.ReadingExcel" time="1.164">
    <system-out><![CDATA[sample9@gmail.com
]]></system-out>
  </testcase>
  <testcase name="noCredentials" classname="test.LoginTest" time="0.094">
    <system-out><![CDATA[running before method-creating brower session
]]></system-out>
    <system-err><![CDATA[Starting ChromeDriver 107.0.5304.62 (1eec40d3a5764881c92085aaee66d25075c159aa-refs/branch-heads/5304@{#942}) on port 41925
Only local connections are allowed.
Please see https://chromedriver.chromium.org/security-considerations for suggestions on keeping ChromeDriver safe.
ChromeDriver was started successfully.
]]></system-err>
  </testcase>
  <testcase name="onlyPassword" classname="test.LoginTest" time="0.162">
    <system-out><![CDATA[after method
running before method-creating brower session
]]></system-out>
    <system-err><![CDATA[Starting ChromeDriver 107.0.5304.62 (1eec40d3a5764881c92085aaee66d25075c159aa-refs/branch-heads/5304@{#942}) on port 33973
Only local connections are allowed.
Please see https://chromedriver.chromium.org/security-considerations for suggestions on keeping ChromeDriver safe.
ChromeDriver was started successfully.
]]></system-err>
  </testcase>
  <testcase name="onlyUsername" classname="test.LoginTest" time="0.148">
    <system-out><![CDATA[after method
running before method-creating brower session
]]></system-out>
    <system-err><![CDATA[Starting ChromeDriver 107.0.5304.62 (1eec40d3a5764881c92085aaee66d25075c159aa-refs/branch-heads/5304@{#942}) on port 23887
Only local connections are allowed.
Please see https://chromedriver.chromium.org/security-considerations for suggestions on keeping ChromeDriver safe.
ChromeDriver was started successfully.
]]></system-err>
  </testcase>
  <testcase name="validCredentials" classname="test.LoginTest" time="2.752">
    <system-out><![CDATA[after method
running before method-creating brower session
]]></system-out>
    <system-err><![CDATA[Starting ChromeDriver 107.0.5304.62 (1eec40d3a5764881c92085aaee66d25075c159aa-refs/branch-heads/5304@{#942}) on port 22486
Only local connections are allowed.
Please see https://chromedriver.chromium.org/security-considerations for suggestions on keeping ChromeDriver safe.
ChromeDriver was started successfully.
]]></system-err>
  </testcase>
  <testcase name="t4" classname="test.Task2" time="8.134">
    <system-out><![CDATA[after method
1
2
3
4
5
6
7
8
9
10
11
12
13
14
15
16
17
18
19
20
21
22
23
24
25
26
27
28
29
30
]]></system-out>
    <system-err><![CDATA[Starting ChromeDriver 107.0.5304.62 (1eec40d3a5764881c92085aaee66d25075c159aa-refs/branch-heads/5304@{#942}) on port 48723
Only local connections are allowed.
Please see https://chromedriver.chromium.org/security-considerations for suggestions on keeping ChromeDriver safe.
ChromeDriver was started successfully.
]]></system-err>
  </testcase>
  <testcase name="t3" classname="test.Task1" time="6.882">
    <system-err><![CDATA[Starting ChromeDriver 107.0.5304.62 (1eec40d3a5764881c92085aaee66d25075c159aa-refs/branch-heads/5304@{#942}) on port 5357
Only local connections are allowed.
Please see https://chromedriver.chromium.org/security-considerations for suggestions on keeping ChromeDriver safe.
ChromeDriver was started successfully.
]]></system-err>
  </testcase>
  <testcase name="seleniumpractice" classname="test.AlertDemo" time="15.501">
    <system-out><![CDATA[Welcome to Selenium WebDriver Tutorials
is present
]]></system-out>
    <system-err><![CDATA[Starting ChromeDriver 107.0.5304.62 (1eec40d3a5764881c92085aaee66d25075c159aa-refs/branch-heads/5304@{#942}) on port 40346
Only local connections are allowed.
Please see https://chromedriver.chromium.org/security-considerations for suggestions on keeping ChromeDriver safe.
ChromeDriver was started successfully.
]]></system-err>
  </testcase>
</testsuite>